{"/Users/NesaQ/initial_WEB/frontend-project-lvl2/src/gendiff.js": {"path":"/Users/NesaQ/initial_WEB/frontend-project-lvl2/src/gendiff.js","statementMap":{"0":{"start":{"line":5,"column":16},"end":{"line":33,"column":1}},"1":{"start":{"line":6,"column":18},"end":{"line":6,"column":41}},"2":{"start":{"line":7,"column":18},"end":{"line":7,"column":41}},"3":{"start":{"line":8,"column":18},"end":{"line":8,"column":39}},"4":{"start":{"line":9,"column":18},"end":{"line":9,"column":39}},"5":{"start":{"line":10,"column":16},"end":{"line":10,"column":35}},"6":{"start":{"line":11,"column":16},"end":{"line":11,"column":35}},"7":{"start":{"line":13,"column":16},"end":{"line":13,"column":29}},"8":{"start":{"line":14,"column":16},"end":{"line":14,"column":29}},"9":{"start":{"line":15,"column":15},"end":{"line":15,"column":36}},"10":{"start":{"line":16,"column":21},"end":{"line":16,"column":35}},"11":{"start":{"line":17,"column":20},"end":{"line":17,"column":30}},"12":{"start":{"line":20,"column":18},"end":{"line":30,"column":3}},"13":{"start":{"line":21,"column":4},"end":{"line":23,"column":5}},"14":{"start":{"line":22,"column":6},"end":{"line":22,"column":55}},"15":{"start":{"line":23,"column":6},"end":{"line":25,"column":5}},"16":{"start":{"line":24,"column":6},"end":{"line":24,"column":55}},"17":{"start":{"line":25,"column":6},"end":{"line":27,"column":5}},"18":{"start":{"line":26,"column":6},"end":{"line":26,"column":96}},"19":{"start":{"line":27,"column":6},"end":{"line":29,"column":5}},"20":{"start":{"line":28,"column":6},"end":{"line":28,"column":41}},"21":{"start":{"line":31,"column":24},"end":{"line":31,"column":58}},"22":{"start":{"line":32,"column":2},"end":{"line":32,"column":34}}},"fnMap":{"0":{"name":"(anonymous_0)","decl":{"start":{"line":5,"column":16},"end":{"line":5,"column":17}},"loc":{"start":{"line":5,"column":42},"end":{"line":33,"column":1}},"line":5},"1":{"name":"(anonymous_1)","decl":{"start":{"line":20,"column":18},"end":{"line":20,"column":19}},"loc":{"start":{"line":20,"column":27},"end":{"line":30,"column":3}},"line":20}},"branchMap":{"0":{"loc":{"start":{"line":21,"column":4},"end":{"line":23,"column":5}},"type":"if","locations":[{"start":{"line":21,"column":4},"end":{"line":23,"column":5}},{"start":{},"end":{}}],"line":21},"1":{"loc":{"start":{"line":23,"column":6},"end":{"line":25,"column":5}},"type":"if","locations":[{"start":{"line":23,"column":6},"end":{"line":25,"column":5}},{"start":{},"end":{}}],"line":23},"2":{"loc":{"start":{"line":25,"column":6},"end":{"line":27,"column":5}},"type":"if","locations":[{"start":{"line":25,"column":6},"end":{"line":27,"column":5}},{"start":{},"end":{}}],"line":25},"3":{"loc":{"start":{"line":27,"column":6},"end":{"line":29,"column":5}},"type":"if","locations":[{"start":{"line":27,"column":6},"end":{"line":29,"column":5}},{"start":{},"end":{}}],"line":27}},"s":{"0":1,"1":1,"2":1,"3":1,"4":1,"5":1,"6":1,"7":1,"8":1,"9":1,"10":1,"11":1,"12":1,"13":5,"14":2,"15":3,"16":1,"17":2,"18":1,"19":1,"20":1,"21":1,"22":1},"f":{"0":1,"1":5},"b":{"0":[2,3],"1":[1,2],"2":[1,1],"3":[1,0]},"_coverageSchema":"1a1c01bbd47fc00a2c39e90264f33305004495a9","hash":"344827d2624e5fd1da3442d6de47d2b54c3511ad"}
}
